H:\Sandbox\sandbox2\sandbox_common\Scripts\python.exe H:/Workspace/pycharm/Spider/main.py
2020-11-02 16:19:10,747 - Thread-10 : [func: run       ] [line:  40] - INFO  : www.iyuji.cn
2020-11-02 16:19:11,088 - Thread-3  : [func: run       ] [line:  40] - INFO  : mail.xfyun.cn
2020-11-02 16:19:11,108 - Thread-5  : [func: run       ] [line:  40] - INFO  : pop.xfyun.cn
2020-11-02 16:19:11,177 - Thread-9  : [func: run       ] [line:  40] - INFO  : smtp.xfyun.cn
2020-11-02 16:19:11,611 - Thread-2  : [func: run       ] [line:  40] - INFO  : test.iyuji.cn
2020-11-02 16:19:11,756 - Thread-8  : [func: run       ] [line:  40] - INFO  : ns.xfyun.cn
2020-11-02 16:19:11,897 - Thread-10 : [func: run       ] [line:  40] - INFO  : www.xfyun.cn
2020-11-02 16:19:12,262 - Thread-11 : [func: run       ] [line:  40] - INFO  : dev.iyuji.cn
2020-11-02 16:19:12,325 - Thread-6  : [func: run       ] [line:  40] - INFO  : m.xfyun.cn
2020-11-02 16:19:12,796 - Thread-2  : [func: run       ] [line:  40] - INFO  : test.xfyun.cn
2020-11-02 16:19:13,638 - Thread-11 : [func: run       ] [line:  40] - INFO  : dev.xfyun.cn
2020-11-02 16:19:15,128 - Thread-5  : [func: run       ] [line:  40] - INFO  : static.xfyun.cn
2020-11-02 16:19:15,861 - Thread-2  : [func: run       ] [line:  40] - INFO  : api.xfyun.cn
2020-11-02 16:19:17,887 - Thread-10 : [func: run       ] [line:  40] - INFO  : ads.xfyun.cn
2020-11-02 16:19:19,726 - Thread-8  : [func: run       ] [line:  40] - INFO  : live.xfyun.cn
2020-11-02 16:19:20,009 - Thread-2  : [func: run       ] [line:  40] - INFO  : monitor.xfyun.cn
2020-11-02 16:19:20,717 - Thread-9  : [func: run       ] [line:  40] - INFO  : bbs.xfyun.cn
2020-11-02 16:19:24,298 - Thread-11 : [func: run       ] [line:  40] - INFO  : docs.xfyun.cn
2020-11-02 16:19:29,562 - Thread-4  : [func: run       ] [line:  40] - INFO  : game.xfyun.cn
2020-11-02 16:19:30,545 - Thread-7  : [func: run       ] [line:  40] - INFO  : cloud.xfyun.cn
2020-11-02 16:19:33,562 - Thread-5  : [func: run       ] [line:  40] - INFO  : t.xfyun.cn
2020-11-02 16:19:34,471 - Thread-9  : [func: run       ] [line:  40] - INFO  : content.xfyun.cn
2020-11-02 16:19:37,690 - Thread-2  : [func: run       ] [line:  40] - INFO  : member.xfyun.cn
2020-11-02 16:19:38,276 - Thread-3  : [func: run       ] [line:  40] - INFO  : git.xfyun.cn
2020-11-02 16:19:41,450 - Thread-10 : [func: run       ] [line:  40] - INFO  : sso.xfyun.cn
2020-11-02 16:19:41,565 - Thread-7  : [func: run       ] [line:  40] - INFO  : auth.xfyun.cn
2020-11-02 16:19:42,349 - Thread-9  : [func: run       ] [line:  40] - INFO  : club.xfyun.cn
2020-11-02 16:19:43,273 - Thread-10 : [func: run       ] [line:  40] - INFO  : zeus.xfyun.cn
2020-11-02 16:19:47,447 - Thread-10 : [func: run       ] [line:  40] - INFO  : hermes.xfyun.cn
2020-11-02 16:19:53,388 - Thread-4  : [func: run       ] [line:  40] - INFO  : tech.xfyun.cn
2020-11-02 16:19:53,773 - Thread-10 : [func: run       ] [line:  40] - INFO  : link.xfyun.cn
2020-11-02 16:19:58,026 - Thread-2  : [func: run       ] [line:  40] - INFO  : in.xfyun.cn
2020-11-02 16:19:59,517 - Thread-7  : [func: run       ] [line:  40] - INFO  : MAIL.xfyun.cn
2020-11-02 16:20:06,486 - Thread-6  : [func: run       ] [line:  40] - INFO  : doc.xfyun.cn
2020-11-02 16:20:08,019 - Thread-3  : [func: run       ] [line:  40] - INFO  : user.xfyun.cn
2020-11-02 16:20:17,543 - Thread-5  : [func: run       ] [line:  40] - INFO  : click.xfyun.cn
2020-11-02 16:20:33,640 - Thread-2  : [func: run       ] [line:  40] - INFO  : start.xfyun.cn
2020-11-02 16:20:37,858 - Thread-9  : [func: run       ] [line:  40] - INFO  : ci.xfyun.cn
2020-11-02 16:20:47,483 - Thread-6  : [func: run       ] [line:  40] - INFO  : signup.xfyun.cn
2020-11-02 16:20:48,611 - Thread-7  : [func: run       ] [line:  40] - INFO  : global.xfyun.cn
2020-11-02 16:20:53,424 - Thread-5  : [func: run       ] [line:  40] - INFO  : meeting.xfyun.cn
2020-11-02 16:21:06,415 - Thread-10 : [func: run       ] [line:  40] - INFO  : sf.xfyun.cn
2020-11-02 16:21:07,854 - Thread-9  : [func: run       ] [line:  40] - INFO  : passport.xfyun.cn
2020-11-02 16:21:29,648 - Thread-4  : [func: run       ] [line:  40] - INFO  : hub.xfyun.cn
2020-11-02 16:21:35,753 - Thread-3  : [func: run       ] [line:  40] - INFO  : contest.xfyun.cn
2020-11-02 16:21:42,020 - Thread-5  : [func: run       ] [line:  40] - INFO  : ims.xfyun.cn
2020-11-02 16:21:44,828 - Thread-9  : [func: run       ] [line:  40] - INFO  : WWW.iyuji.cn
2020-11-02 16:21:45,990 - Thread-9  : [func: run       ] [line:  40] - INFO  : WWW.xfyun.cn
2020-11-02 16:21:54,681 - Thread-9  : [func: run       ] [line:  40] - INFO  : review.xfyun.cn
2020-11-02 16:21:54,697 - Thread-7  : [func: run       ] [line:  40] - INFO  : rd.xfyun.cn
2020-11-02 16:22:02,651 - Thread-4  : [func: run       ] [line:  40] - INFO  : sentry.xfyun.cn
2020-11-02 16:22:03,858 - Thread-6  : [func: run       ] [line:  40] - INFO  : 3g.xfyun.cn
2020-11-02 16:22:09,971 - Thread-4  : [func: run       ] [line:  40] - INFO  : console.xfyun.cn
2020-11-02 16:22:23,306 - Thread-4  : [func: run       ] [line:  40] - INFO  : bug.xfyun.cn
2020-11-02 16:22:53,022 - Thread-2  : [func: run       ] [line:  40] - INFO  : personal.xfyun.cn
2020-11-02 16:22:59,967 - Thread-10 : [func: run       ] [line:  40] - INFO  : show.xfyun.cn
2020-11-02 16:23:06,092 - Thread-2  : [func: run       ] [line:  40] - INFO  : ai.xfyun.cn
2020-11-02 16:23:07,395 - Thread-9  : [func: run       ] [line:  40] - INFO  : ep.xfyun.cn
2020-11-02 16:23:20,114 - Thread-7  : [func: run       ] [line:  40] - INFO  : count.xfyun.cn
2020-11-02 16:23:25,476 - Thread-11 : [func: run       ] [line:  40] - INFO  : oss.xfyun.cn
2020-11-02 16:23:26,213 - Thread-6  : [func: run       ] [line:  40] - INFO  : dt.xfyun.cn
2020-11-02 16:23:53,719 - Thread-6  : [func: run       ] [line:  40] - INFO  : polaris.xfyun.cn
2020-11-02 16:24:02,138 - Thread-7  : [func: run       ] [line:  40] - INFO  : debug.xfyun.cn
2020-11-02 16:24:07,864 - Thread-9  : [func: run       ] [line:  40] - INFO  : nebula.xfyun.cn
2020-11-02 16:24:11,401 - Thread-8  : [func: run       ] [line:  40] - INFO  : gitlab.xfyun.cn
2020-11-02 16:24:20,460 - Thread-6  : [func: run       ] [line:  40] - INFO  : prometheus.xfyun.cn
2020-11-02 16:24:28,881 - Thread-11 : [func: run       ] [line:  40] - INFO  : ups.xfyun.cn
2020-11-02 16:24:35,055 - Thread-8  : [func: run       ] [line:  40] - INFO  : p4.xfyun.cn
2020-11-02 16:24:45,565 - Thread-5  : [func: run       ] [line:  40] - INFO  : challenge.xfyun.cn
2020-11-02 16:24:45,592 - Thread-4  : [func: run       ] [line:  40] - INFO  : turing.xfyun.cn
2020-11-02 16:25:00,165 - Thread-3  : [func: run       ] [line:  40] - INFO  : wise.xfyun.cn
2020-11-02 16:26:06,369 - Thread-4  : [func: run       ] [line:  40] - INFO  : ota.xfyun.cn
2020-11-02 16:26:24,003 - Thread-6  : [func: run       ] [line:  40] - INFO  : rep.xfyun.cn
2020-11-02 16:26:30,190 - Thread-3  : [func: run       ] [line:  40] - INFO  : kit.xfyun.cn
2020-11-02 16:26:48,094 - Thread-3  : [func: run       ] [line:  40] - INFO  : meetings.xfyun.cn
2020-11-02 16:26:54,634 - Thread-4  : [func: run       ] [line:  40] - INFO  : evo.xfyun.cn
2020-11-02 16:26:58,808 - Thread-2  : [func: run       ] [line:  40] - INFO  : h5.xfyun.cn
2020-11-02 16:27:18,459 - Thread-2  : [func: run       ] [line:  40] - INFO  : wx.xfyun.cn
2020-11-02 16:27:21,806 - Thread-2  : [func: run       ] [line:  40] - INFO  : frontend.xfyun.cn
2020-11-02 16:27:22,619 - Thread-9  : [func: run       ] [line:  40] - INFO  : ins.xfyun.cn
2020-11-02 16:28:07,496 - Thread-2  : [func: run       ] [line:  40] - INFO  : official.xfyun.cn
2020-11-02 16:29:23,068 - Thread-11 : [func: run       ] [line:  40] - INFO  : trace.xfyun.cn
2020-11-02 16:29:30,084 - Thread-2  : [func: run       ] [line:  40] - INFO  : itm.xfyun.cn
2020-11-02 16:30:48,381 - Thread-4  : [func: run       ] [line:  40] - INFO  : demon.xfyun.cn
2020-11-02 16:30:51,744 - Thread-8  : [func: run       ] [line:  40] - INFO  : sonar.xfyun.cn
2020-11-02 16:31:23,413 - Thread-8  : [func: run       ] [line:  40] - INFO  : parrot.xfyun.cn
2020-11-02 16:32:39,457 - Thread-11 : [func: run       ] [line:  40] - INFO  : webapi.xfyun.cn
2020-11-02 16:34:01,536 - Thread-6  : [func: run       ] [line:  40] - INFO  : aso.xfyun.cn
2020-11-02 16:36:37,242 - Thread-6  : [func: run       ] [line:  40] - INFO  : teamwork.xfyun.cn
2020-11-02 16:37:05,690 - Thread-5  : [func: run       ] [line:  40] - INFO  : translation.xfyun.cn
2020-11-02 16:38:14,602 - Thread-3  : [func: run       ] [line:  40] - INFO  : oauth.xfyun.cn
2020-11-02 16:40:34,398 - Thread-9  : [func: run       ] [line:  40] - INFO  : activity.xfyun.cn
2020-11-02 16:50:23,711 - Thread-10 : [func: run       ] [line:  40] - INFO  : drone.xfyun.cn
2020-11-02 16:53:16,186 - Thread-9  : [func: run       ] [line:  40] - INFO  : weixin.xfyun.cn
2020-11-02 16:55:05,533 - Thread-6  : [func: run       ] [line:  40] - INFO  : toupiao.xfyun.cn
2020-11-02 16:57:56,157 - Thread-7  : [func: run       ] [line:  40] - INFO  : yj.xfyun.cn
2020-11-02 17:00:00,710 - Thread-4  : [func: run       ] [line:  40] - INFO  : TEST.iyuji.cn
2020-11-02 17:00:01,069 - Thread-8  : [func: run       ] [line:  40] - INFO  : NS.xfyun.cn
2020-11-02 17:00:01,910 - Thread-4  : [func: run       ] [line:  40] - INFO  : TEST.xfyun.cn
2020-11-02 17:01:17,186 - Thread-8  : [func: run       ] [line:  40] - INFO  : dsg.xfyun.cn
2020-11-02 17:04:01,079 - Thread-9  : [func: run       ] [line:  40] - INFO  : IN.xfyun.cn
2020-11-02 17:07:39,709 - Thread-9  : [func: run       ] [line:  40] - INFO  : zixun.xfyun.cn
2020-11-02 17:09:08,572 - Thread-4  : [func: run       ] [line:  40] - INFO  : sdk.xfyun.cn
2020-11-02 17:10:26,427 - Thread-6  : [func: run       ] [line:  40] - INFO  : tinyurl.xfyun.cn
2020-11-02 17:10:29,144 - Thread-11 : [func: run       ] [line:  40] - INFO  : wsapi.xfyun.cn
2020-11-02 17:23:55,779 - Thread-7  : [func: run       ] [line:  40] - INFO  : bigdata.xfyun.cn
2020-11-02 17:26:34,496 - Thread-4  : [func: run       ] [line:  40] - INFO  : yanshi.xfyun.cn
2020-11-02 17:32:14,049 - Thread-8  : [func: run       ] [line:  40] - INFO  : dang.xfyun.cn
2020-11-02 17:32:32,490 - Thread-6  : [func: run       ] [line:  40] - INFO  : ocr.xfyun.cn
2020-11-02 17:33:17,266 - Thread-7  : [func: run       ] [line:  40] - INFO  : iot.xfyun.cn
2020-11-02 17:34:06,516 - Thread-8  : [func: run       ] [line:  40] - INFO  : autotest.xfyun.cn
2020-11-02 17:35:11,642 - Thread-8  : [func: run       ] [line:  40] - INFO  : court.xfyun.cn
2020-11-03 10:32:35,494 - Thread-2  : [func: run       ] [line:  40] - INFO  : 4g.xfyun.cn
2020-11-03 10:33:33,453 - Thread-10 : [func: run       ] [line:  40] - INFO  : hawkeye.xfyun.cn
2020-11-03 11:12:04,029 - Thread-10 : [func: run       ] [line:  40] - INFO  : test00.xfyun.cn
2020-11-03 11:28:12,148 - Thread-4  : [func: run       ] [line:  40] - INFO  : SMTP.xfyun.cn
2020-11-03 11:35:00,565 - Thread-9  : [func: run       ] [line:  40] - INFO  : POP.xfyun.cn
2020-11-03 11:36:35,880 - MainThread: [func: <module>  ] [line:  61] - INFO  : main thread done.
